This is XeTeX, Version 3.141592653-2.6-0.999995 (TeX Live 2023/Debian) (preloaded format=xelatex 2026.4.20)  20 APR 2026 09:56
entering extended mode
 restricted \write18 enabled.
 %&-line parsing enabled.
**clase03.tex
(./clase03.tex
LaTeX2e <2023-11-01> patch level 1
L3 programming layer <2024-01-22>
! Undefined control sequence.
l.1 \UASectionSlide
                   {Replicación de estado} 
Here is how much of TeX's memory you used:
 16 strings out of 474878
 431 string characters out of 5762516
 1915627 words of memory out of 5000000
 22163 multiletter control sequences out of 15000+600000
 558069 words of font info for 36 fonts, out of 8000000 for 9000
 1348 hyphenation exceptions out of 8191
 11i,0n,13p,81b,8s stack positions out of 10000i,1000n,20000p,200000b,200000s

No pages of output.
